  pch.cpp
  animation.cpp
  battle.cpp
  bullets.cpp
D:\KGA\20210720_0\bullets.cpp(39,49): warning C4244: '=': 'int'에서 'float'(으)로 변환하면서 데이터가 손실될 수 있습니다.
D:\KGA\20210720_0\bullets.cpp(44,45): warning C4244: '인수': 'float'에서 'int'(으)로 변환하면서 데이터가 손실될 수 있습니다.
D:\KGA\20210720_0\bullets.cpp(44,35): warning C4244: '인수': 'float'에서 'int'(으)로 변환하면서 데이터가 손실될 수 있습니다.
D:\KGA\20210720_0\bullets.cpp(59,57): warning C4244: '인수': 'float'에서 'int'(으)로 변환하면서 데이터가 손실될 수 있습니다.
D:\KGA\20210720_0\bullets.cpp(59,43): warning C4244: '인수': 'float'에서 'int'(으)로 변환하면서 데이터가 손실될 수 있습니다.
D:\KGA\20210720_0\bullets.cpp(133,57): warning C4244: '인수': 'float'에서 'int'(으)로 변환하면서 데이터가 손실될 수 있습니다.
D:\KGA\20210720_0\bullets.cpp(133,43): warning C4244: '인수': 'float'에서 'int'(으)로 변환하면서 데이터가 손실될 수 있습니다.
D:\KGA\20210720_0\bullets.cpp(149,57): warning C4244: '인수': 'float'에서 'int'(으)로 변환하면서 데이터가 손실될 수 있습니다.
D:\KGA\20210720_0\bullets.cpp(149,43): warning C4244: '인수': 'float'에서 'int'(으)로 변환하면서 데이터가 손실될 수 있습니다.
D:\KGA\20210720_0\bullets.cpp(215,45): warning C4244: '인수': 'float'에서 'int'(으)로 변환하면서 데이터가 손실될 수 있습니다.
D:\KGA\20210720_0\bullets.cpp(215,35): warning C4244: '인수': 'float'에서 'int'(으)로 변환하면서 데이터가 손실될 수 있습니다.
D:\KGA\20210720_0\bullets.cpp(227,57): warning C4244: '인수': 'float'에서 'int'(으)로 변환하면서 데이터가 손실될 수 있습니다.
D:\KGA\20210720_0\bullets.cpp(227,43): warning C4244: '인수': 'float'에서 'int'(으)로 변환하면서 데이터가 손실될 수 있습니다.
  effect.cpp
  effectManager.cpp
  gameNode.cpp
D:\KGA\20210720_0\gameNode.cpp(92,36): warning C4244: '=': 'float'에서 'LONG'(으)로 변환하면서 데이터가 손실될 수 있습니다.
D:\KGA\20210720_0\gameNode.cpp(93,36): warning C4244: '=': 'float'에서 'LONG'(으)로 변환하면서 데이터가 손실될 수 있습니다.
D:\KGA\20210720_0\gameNode.cpp(87,8): warning C4101: 'hdc' :참조되지 않은 지역 변수입니다.
D:\KGA\20210720_0\gameNode.cpp(86,14): warning C4101: 'ps' :참조되지 않은 지역 변수입니다.
  image.cpp
D:\KGA\20210720_0\image.cpp(75,28): warning C4267: '초기화 중': 'size_t'에서 'int'(으)로 변환하면서 데이터가 손실될 수 있습니다.
D:\KGA\20210720_0\image.cpp(129,28): warning C4267: '초기화 중': 'size_t'에서 'int'(으)로 변환하면서 데이터가 손실될 수 있습니다.
D:\KGA\20210720_0\image.cpp(181,28): warning C4267: '초기화 중': 'size_t'에서 'int'(으)로 변환하면서 데이터가 손실될 수 있습니다.
D:\KGA\20210720_0\image.cpp(482,34): warning C4244: '인수': 'float'에서 'int'(으)로 변환하면서 데이터가 손실될 수 있습니다.
D:\KGA\20210720_0\image.cpp(482,19): warning C4244: '인수': 'float'에서 'int'(으)로 변환하면서 데이터가 손실될 수 있습니다.
D:\KGA\20210720_0\image.cpp(488,44): warning C4244: '인수': 'float'에서 'int'(으)로 변환하면서 데이터가 손실될 수 있습니다.
D:\KGA\20210720_0\image.cpp(488,29): warning C4244: '인수': 'float'에서 'int'(으)로 변환하면서 데이터가 손실될 수 있습니다.
D:\KGA\20210720_0\image.cpp(493,44): warning C4244: '인수': 'float'에서 'int'(으)로 변환하면서 데이터가 손실될 수 있습니다.
D:\KGA\20210720_0\image.cpp(493,29): warning C4244: '인수': 'float'에서 'int'(으)로 변환하면서 데이터가 손실될 수 있습니다.
D:\KGA\20210720_0\image.cpp(506,34): warning C4244: '인수': 'float'에서 'int'(으)로 변환하면서 데이터가 손실될 수 있습니다.
D:\KGA\20210720_0\image.cpp(506,19): warning C4244: '인수': 'float'에서 'int'(으)로 변환하면서 데이터가 손실될 수 있습니다.
  imageManager.cpp
  keyManager.cpp
  playGround.cpp
  progressBar.cpp
D:\KGA\20210720_0\progressBar.cpp(34,34): warning C4244: '=': 'int'에서 'float'(으)로 변환하면서 데이터가 손실될 수 있습니다.
D:\KGA\20210720_0\progressBar.cpp(71,3): warning C4244: '인수': 'float'에서 'int'(으)로 변환하면서 데이터가 손실될 수 있습니다.
  sceneManager.cpp
  ship.cpp
D:\KGA\20210720_0\ship.cpp(18,7): warning C4244: '=': 'int'에서 'float'(으)로 변환하면서 데이터가 손실될 수 있습니다.
D:\KGA\20210720_0\ship.cpp(19,7): warning C4244: '=': 'int'에서 'float'(으)로 변환하면서 데이터가 손실될 수 있습니다.
D:\KGA\20210720_0\ship.cpp(23,27): warning C4244: '인수': 'float'에서 'int'(으)로 변환하면서 데이터가 손실될 수 있습니다.
D:\KGA\20210720_0\ship.cpp(23,23): warning C4244: '인수': 'float'에서 'int'(으)로 변환하면서 데이터가 손실될 수 있습니다.
D:\KGA\20210720_0\ship.cpp(25,36): warning C4244: '=': 'int'에서 'float'(으)로 변환하면서 데이터가 손실될 수 있습니다.
D:\KGA\20210720_0\ship.cpp(52,62): warning C4267: '인수': 'size_t'에서 'int'(으)로 변환하면서 데이터가 손실될 수 있습니다.
D:\KGA\20210720_0\ship.cpp(98,27): warning C4244: '인수': 'float'에서 'int'(으)로 변환하면서 데이터가 손실될 수 있습니다.
D:\KGA\20210720_0\ship.cpp(98,23): warning C4244: '인수': 'float'에서 'int'(으)로 변환하면서 데이터가 손실될 수 있습니다.
  soundManager.cpp
  soundTest.cpp
D:\KGA\20210720_0\soundTest.cpp(58,17): warning C4244: '=': 'float'에서 'unsigned int'(으)로 변환하면서 데이터가 손실될 수 있습니다.
D:\KGA\20210720_0\soundTest.cpp(100,35): warning C4244: '인수': 'unsigned int'에서 'float'(으)로 변환하면서 데이터가 손실될 수 있습니다.
D:\KGA\20210720_0\soundTest.cpp(100,21): warning C4244: '인수': 'unsigned int'에서 'float'(으)로 변환하면서 데이터가 손실될 수 있습니다.
D:\KGA\20210720_0\soundTest.cpp(122,48): warning C4267: '인수': 'size_t'에서 'int'(으)로 변환하면서 데이터가 손실될 수 있습니다.
D:\KGA\20210720_0\soundTest.cpp(126,47): warning C4267: '인수': 'size_t'에서 'int'(으)로 변환하면서 데이터가 손실될 수 있습니다.
D:\KGA\20210720_0\soundTest.cpp(137,46): warning C4267: '인수': 'size_t'에서 'int'(으)로 변환하면서 데이터가 손실될 수 있습니다.
D:\KGA\20210720_0\soundTest.cpp(140,47): warning C4267: '인수': 'size_t'에서 'int'(으)로 변환하면서 데이터가 손실될 수 있습니다.
D:\KGA\20210720_0\soundTest.cpp(143,47): warning C4267: '인수': 'size_t'에서 'int'(으)로 변환하면서 데이터가 손실될 수 있습니다.
D:\KGA\20210720_0\soundTest.cpp(146,47): warning C4267: '인수': 'size_t'에서 'int'(으)로 변환하면서 데이터가 손실될 수 있습니다.
D:\KGA\20210720_0\soundTest.cpp(149,47): warning C4267: '인수': 'size_t'에서 'int'(으)로 변환하면서 데이터가 손실될 수 있습니다.
D:\KGA\20210720_0\soundTest.cpp(152,47): warning C4267: '인수': 'size_t'에서 'int'(으)로 변환하면서 데이터가 손실될 수 있습니다.
D:\KGA\20210720_0\soundTest.cpp(154,48): warning C4267: '인수': 'size_t'에서 'int'(으)로 변환하면서 데이터가 손실될 수 있습니다.
D:\KGA\20210720_0\soundTest.cpp(207,101): warning C4244: '인수': 'float'에서 'int'(으)로 변환하면서 데이터가 손실될 수 있습니다.
D:\KGA\20210720_0\soundTest.cpp(207,77): warning C4244: '인수': 'float'에서 'int'(으)로 변환하면서 데이터가 손실될 수 있습니다.
D:\KGA\20210720_0\soundTest.cpp(208,106): warning C4244: '인수': 'float'에서 'int'(으)로 변환하면서 데이터가 손실될 수 있습니다.
D:\KGA\20210720_0\soundTest.cpp(208,82): warning C4244: '인수': 'float'에서 'int'(으)로 변환하면서 데이터가 손실될 수 있습니다.
D:\KGA\20210720_0\soundTest.cpp(230,92): warning C4244: '인수': 'float'에서 'int'(으)로 변환하면서 데이터가 손실될 수 있습니다.
D:\KGA\20210720_0\soundTest.cpp(230,68): warning C4244: '인수': 'float'에서 'int'(으)로 변환하면서 데이터가 손실될 수 있습니다.
D:\KGA\20210720_0\soundTest.cpp(240,72): warning C4244: '인수': 'float'에서 'int'(으)로 변환하면서 데이터가 손실될 수 있습니다.
D:\KGA\20210720_0\soundTest.cpp(240,48): warning C4244: '인수': 'float'에서 'int'(으)로 변환하면서 데이터가 손실될 수 있습니다.
D:\KGA\20210720_0\soundTest.cpp(433,37): warning C4244: '인수': 'LONG'에서 'float'(으)로 변환하면서 데이터가 손실될 수 있습니다.
D:\KGA\20210720_0\soundTest.cpp(459,52): warning C4244: '=': 'float'에서 'unsigned int'(으)로 변환하면서 데이터가 손실될 수 있습니다.
D:\KGA\20210720_0\soundTest.cpp(472,81): warning C4244: '인수': 'float'에서 'int'(으)로 변환하면서 데이터가 손실될 수 있습니다.
D:\KGA\20210720_0\soundTest.cpp(472,62): warning C4244: '인수': 'float'에서 'int'(으)로 변환하면서 데이터가 손실될 수 있습니다.
D:\KGA\20210720_0\soundTest.cpp(475,97): warning C4244: '인수': 'float'에서 'int'(으)로 변환하면서 데이터가 손실될 수 있습니다.
D:\KGA\20210720_0\soundTest.cpp(475,78): warning C4244: '인수': 'float'에서 'int'(으)로 변환하면서 데이터가 손실될 수 있습니다.
D:\KGA\20210720_0\soundTest.cpp(478,93): warning C4244: '인수': 'float'에서 'int'(으)로 변환하면서 데이터가 손실될 수 있습니다.
D:\KGA\20210720_0\soundTest.cpp(478,74): warning C4244: '인수': 'float'에서 'int'(으)로 변환하면서 데이터가 손실될 수 있습니다.
D:\KGA\20210720_0\soundTest.cpp(481,77): warning C4244: '인수': 'float'에서 'int'(으)로 변환하면서 데이터가 손실될 수 있습니다.
D:\KGA\20210720_0\soundTest.cpp(481,58): warning C4244: '인수': 'float'에서 'int'(으)로 변환하면서 데이터가 손실될 수 있습니다.
D:\KGA\20210720_0\soundTest.cpp(484,80): warning C4244: '인수': 'float'에서 'int'(으)로 변환하면서 데이터가 손실될 수 있습니다.
D:\KGA\20210720_0\soundTest.cpp(484,61): warning C4244: '인수': 'float'에서 'int'(으)로 변환하면서 데이터가 손실될 수 있습니다.
  starScene.cpp
  timeManager.cpp
D:\KGA\20210720_0\timeManager.cpp(52,38): warning C4267: '인수': 'size_t'에서 'int'(으)로 변환하면서 데이터가 손실될 수 있습니다.
D:\KGA\20210720_0\timeManager.cpp(56,39): warning C4267: '인수': 'size_t'에서 'int'(으)로 변환하면서 데이터가 손실될 수 있습니다.
D:\KGA\20210720_0\timeManager.cpp(60,39): warning C4267: '인수': 'size_t'에서 'int'(으)로 변환하면서 데이터가 손실될 수 있습니다.
  timer.cpp
  txtData.cpp
  utils.cpp
  코드를 생성하고 있습니다...
D:\KGA\20210720_0\txtData.cpp(52): warning C4172: 지역 변수 또는 임시: str의 주소를 반환하고 있습니다.
D:\KGA\20210720_0\soundManager.cpp(167): warning C4715: 'soundManager::findSound': 모든 제어 경로에서 값을 반환하지는 않습니다.
  컴파일하고 있습니다...
  WindowsAPI.cpp
D:\KGA\20210720_0\WindowsAPI.cpp(101,16): warning C4244: 'return': 'WPARAM'에서 'int'(으)로 변환하면서 데이터가 손실될 수 있습니다.
  코드를 생성하고 있습니다...
  WindowsAPI.vcxproj -> D:\KGA\20210720_0\x64\Debug\WindowsAPI.exe
